# JRE version: OpenJDK Runtime Environment (8.0_242-b01) (build 1.8.0_242-release-1644-b01)
# Java VM: OpenJDK 64-Bit Server VM (25.242-b01 mixed mode windows-amd64 compressed oops)
Heap:
 PSYoungGen      total 537600K, used 120263K [0x00000000d5580000, 0x00000000fb200000, 0x0000000100000000)
  eden space 456192K, 21% used [0x00000000d5580000,0x00000000db6fb0e8,0x00000000f1300000)
  from space 81408K, 25% used [0x00000000f1300000,0x00000000f26f6c28,0x00000000f6280000)
  to   space 77824K, 0% used [0x00000000f6600000,0x00000000f6600000,0x00000000fb200000)
 ParOldGen       total 365568K, used 260905K [0x0000000080000000, 0x0000000096500000, 0x00000000d5580000)
  object space 365568K, 71% used [0x0000000080000000,0x000000008feca780,0x0000000096500000)
 Metaspace       used 147914K, capacity 154866K, committed 158868K, reserved 1187840K
  class space    used 19102K, capacity 20453K, committed 21436K, reserved 1048576K
GC Heap History (10 events):
Event: 5700.409 GC heap before
{Heap before GC invocations=51 (full 6):
 PSYoungGen      total 487424K, used 415955K [0x00000000d5580000, 0x00000000f8400000, 0x0000000100000000)
  eden space 402944K, 100% used [0x00000000d5580000,0x00000000edf00000,0x00000000edf00000)
  from space 84480K, 15% used [0x00000000f3180000,0x00000000f3e34eb8,0x00000000f8400000)
  to   space 84480K, 0% used [0x00000000edf00000,0x00000000edf00000,0x00000000f3180000)
 ParOldGen       total 365568K, used 213063K [0x0000000080000000, 0x0000000096500000, 0x00000000d5580000)
  object space 365568K, 58% used [0x0000000080000000,0x000000008d011f28,0x0000000096500000)
 Metaspace       used 147665K, capacity 154682K, committed 158868K, reserved 1187840K
  class space    used 19093K, capacity 20443K, committed 21436K, reserved 1048576K
Event: 5700.432 GC heap after
Heap after GC invocations=51 (full 6):
 PSYoungGen      total 487424K, used 8501K [0x00000000d5580000, 0x00000000fb700000, 0x0000000100000000)
  eden space 402944K, 0% used [0x00000000d5580000,0x00000000d5580000,0x00000000edf00000)
  from space 84480K, 10% used [0x00000000edf00000,0x00000000ee74d508,0x00000000f3180000)
  to   space 82944K, 0% used [0x00000000f6600000,0x00000000f6600000,0x00000000fb700000)
 ParOldGen       total 365568K, used 223713K [0x0000000080000000, 0x0000000096500000, 0x00000000d5580000)
  object space 365568K, 61% used [0x0000000080000000,0x000000008da78560,0x0000000096500000)
 Metaspace       used 147665K, capacity 154682K, committed 158868K, reserved 1187840K
  class space    used 19093K, capacity 20443K, committed 21436K, reserved 1048576K
}
Event: 5701.142 GC heap before
{Heap before GC invocations=52 (full 6):
 PSYoungGen      total 487424K, used 411445K [0x00000000d5580000, 0x00000000fb700000, 0x0000000100000000)
  eden space 402944K, 100% used [0x00000000d5580000,0x00000000edf00000,0x00000000edf00000)
  from space 84480K, 10% used [0x00000000edf00000,0x00000000ee74d508,0x00000000f3180000)
  to   space 82944K, 0% used [0x00000000f6600000,0x00000000f6600000,0x00000000fb700000)
 ParOldGen       total 365568K, used 223713K [0x0000000080000000, 0x0000000096500000, 0x00000000d5580000)
  object space 365568K, 61% used [0x0000000080000000,0x000000008da78560,0x0000000096500000)
 Metaspace       used 147820K, capacity 154780K, committed 158868K, reserved 1187840K
  class space    used 19100K, capacity 20452K, committed 21436K, reserved 1048576K
Event: 5701.162 GC heap after
Heap after GC invocations=52 (full 6):
 PSYoungGen      total 534016K, used 7638K [0x00000000d5580000, 0x00000000fb200000, 0x0000000100000000)
  eden space 456192K, 0% used [0x00000000d5580000,0x00000000d5580000,0x00000000f1300000)
  from space 77824K, 9% used [0x00000000f6600000,0x00000000f6d75908,0x00000000fb200000)
  to   space 81408K, 0% used [0x00000000f1300000,0x00000000f1300000,0x00000000f6280000)
 ParOldGen       total 365568K, used 230213K [0x0000000080000000, 0x0000000096500000, 0x00000000d5580000)
  object space 365568K, 62% used [0x0000000080000000,0x000000008e0d14e0,0x0000000096500000)
 Metaspace       used 147820K, capacity 154780K, committed 158868K, reserved 1187840K
  class space    used 19100K, capacity 20452K, committed 21436K, reserved 1048576K
}
Event: 5701.862 GC heap before
{Heap before GC invocations=53 (full 6):
 PSYoungGen      total 534016K, used 463830K [0x00000000d5580000, 0x00000000fb200000, 0x0000000100000000)
  eden space 456192K, 100% used [0x00000000d5580000,0x00000000f1300000,0x00000000f1300000)
  from space 77824K, 9% used [0x00000000f6600000,0x00000000f6d75908,0x00000000fb200000)
  to   space 81408K, 0% used [0x00000000f1300000,0x00000000f1300000,0x00000000f6280000)
 ParOldGen       total 365568K, used 230213K [0x0000000080000000, 0x0000000096500000, 0x00000000d5580000)
  object space 365568K, 62% used [0x0000000080000000,0x000000008e0d14e0,0x0000000096500000)
 Metaspace       used 147887K, capacity 154848K, committed 158868K, reserved 1187840K
  class space    used 19102K, capacity 20452K, committed 21436K, reserved 1048576K
Event: 5701.922 GC heap after
Heap after GC invocations=53 (full 6):
 PSYoungGen      total 537600K, used 12635K [0x00000000d5580000, 0x00000000fb200000, 0x0000000100000000)
  eden space 456192K, 0% used [0x00000000d5580000,0x00000000d5580000,0x00000000f1300000)
  from space 81408K, 15% used [0x00000000f1300000,0x00000000f1f56c18,0x00000000f6280000)
  to   space 77824K, 0% used [0x00000000f6600000,0x00000000f6600000,0x00000000fb200000)
 ParOldGen       total 365568K, used 236209K [0x0000000080000000, 0x0000000096500000, 0x00000000d5580000)
  object space 365568K, 64% used [0x0000000080000000,0x000000008e6ac578,0x0000000096500000)
 Metaspace       used 147887K, capacity 154848K, committed 158868K, reserved 1187840K
  class space    used 19102K, capacity 20452K, committed 21436K, reserved 1048576K
}
Event: 5702.524 GC heap before
{Heap before GC invocations=54 (full 6):
 PSYoungGen      total 537600K, used 468827K [0x00000000d5580000, 0x00000000fb200000, 0x0000000100000000)
  eden space 456192K, 100% used [0x00000000d5580000,0x00000000f1300000,0x00000000f1300000)
  from space 81408K, 15% used [0x00000000f1300000,0x00000000f1f56c18,0x00000000f6280000)
  to   space 77824K, 0% used [0x00000000f6600000,0x00000000f6600000,0x00000000fb200000)
 ParOldGen       total 365568K, used 236209K [0x0000000080000000, 0x0000000096500000, 0x00000000d5580000)
  object space 365568K, 64% used [0x0000000080000000,0x000000008e6ac578,0x0000000096500000)
 Metaspace       used 147896K, capacity 154856K, committed 158868K, reserved 1187840K
  class space    used 19102K, capacity 20452K, committed 21436K, reserved 1048576K
Event: 5702.546 GC heap after
Heap after GC invocations=54 (full 6):
 PSYoungGen      total 534016K, used 15554K [0x00000000d5580000, 0x00000000fb200000, 0x0000000100000000)
  eden space 456192K, 0% used [0x00000000d5580000,0x00000000d5580000,0x00000000f1300000)
  from space 77824K, 19% used [0x00000000f6600000,0x00000000f7530b20,0x00000000fb200000)
  to   space 81408K, 0% used [0x00000000f1300000,0x00000000f1300000,0x00000000f6280000)
 ParOldGen       total 365568K, used 247303K [0x0000000080000000, 0x0000000096500000, 0x00000000d5580000)
  object space 365568K, 67% used [0x0000000080000000,0x000000008f181ea8,0x0000000096500000)
 Metaspace       used 147896K, capacity 154856K, committed 158868K, reserved 1187840K
  class space    used 19102K, capacity 20452K, committed 21436K, reserved 1048576K
}
Event: 5703.227 GC heap before
{Heap before GC invocations=55 (full 6):
 PSYoungGen      total 534016K, used 471746K [0x00000000d5580000, 0x00000000fb200000, 0x0000000100000000)
  eden space 456192K, 100% used [0x00000000d5580000,0x00000000f1300000,0x00000000f1300000)
  from space 77824K, 19% used [0x00000000f6600000,0x00000000f7530b20,0x00000000fb200000)
  to   space 81408K, 0% used [0x00000000f1300000,0x00000000f1300000,0x00000000f6280000)
 ParOldGen       total 365568K, used 247303K [0x0000000080000000, 0x0000000096500000, 0x00000000d5580000)
  object space 365568K, 67% used [0x0000000080000000,0x000000008f181ef0,0x0000000096500000)
 Metaspace       used 147910K, capacity 154856K, committed 158868K, reserved 1187840K
  class space    used 19102K, capacity 20452K, committed 21436K, reserved 1048576K
Event: 5703.255 GC heap after
Heap after GC invocations=55 (full 6):
 PSYoungGen      total 537600K, used 20443K [0x00000000d5580000, 0x00000000fb200000, 0x0000000100000000)
  eden space 456192K, 0% used [0x00000000d5580000,0x00000000d5580000,0x00000000f1300000)
  from space 81408K, 25% used [0x00000000f1300000,0x00000000f26f6c28,0x00000000f6280000)
  to   space 77824K, 0% used [0x00000000f6600000,0x00000000f6600000,0x00000000fb200000)
 ParOldGen       total 365568K, used 260905K [0x0000000080000000, 0x0000000096500000, 0x00000000d5580000)
  object space 365568K, 71% used [0x0000000080000000,0x000000008feca780,0x0000000096500000)
 Metaspace       used 147910K, capacity 154856K, committed 158868K, reserved 1187840K
  class space    used 19102K, capacity 20452K, committed 21436K, reserved 1048576K
}

