# JRE version: OpenJDK Runtime Environment (8.0_242-b01) (build 1.8.0_242-release-1644-b01)
# Java VM: OpenJDK 64-Bit Server VM (25.242-b01 mixed mode windows-amd64 compressed oops)
Heap:
 PSYoungGen      total 649728K, used 326368K [0x00000000d5580000, 0x0000000100000000, 0x0000000100000000)
  eden space 601600K, 46% used [0x00000000d5580000,0x00000000e653c510,0x00000000fa100000)
  from space 48128K, 99% used [0x00000000fa100000,0x00000000fcffbb60,0x00000000fd000000)
  to   space 49152K, 0% used [0x00000000fd000000,0x00000000fd000000,0x0000000100000000)
 ParOldGen       total 294912K, used 191669K [0x0000000080000000, 0x0000000092000000, 0x00000000d5580000)
  object space 294912K, 64% used [0x0000000080000000,0x000000008bb2d7d8,0x0000000092000000)
 Metaspace       used 115252K, capacity 121610K, committed 121880K, reserved 1155072K
  class space    used 14841K, capacity 16076K, committed 16176K, reserved 1048576K
GC Heap History (10 events):
Event: 36.388 GC heap before
{Heap before GC invocations=41 (full 4):
 PSYoungGen      total 651776K, used 628237K [0x00000000d5580000, 0x0000000100000000, 0x0000000100000000)
  eden space 603136K, 100% used [0x00000000d5580000,0x00000000fa280000,0x00000000fa280000)
  from space 48640K, 51% used [0x00000000fd080000,0x00000000fe903628,0x0000000100000000)
  to   space 47104K, 0% used [0x00000000fa280000,0x00000000fa280000,0x00000000fd080000)
 ParOldGen       total 236032K, used 216432K [0x0000000080000000, 0x000000008e680000, 0x00000000d5580000)
  object space 236032K, 91% used [0x0000000080000000,0x000000008d35c250,0x000000008e680000)
 Metaspace       used 82687K, capacity 87546K, committed 87832K, reserved 1124352K
  class space    used 11315K, capacity 12254K, committed 12336K, reserved 1048576K
Event: 36.405 GC heap after
Heap after GC invocations=41 (full 4):
 PSYoungGen      total 615424K, used 11845K [0x00000000d5580000, 0x00000000ffd80000, 0x0000000100000000)
  eden space 603136K, 0% used [0x00000000d5580000,0x00000000d5580000,0x00000000fa280000)
  from space 12288K, 96% used [0x00000000fa280000,0x00000000fae116a8,0x00000000fae80000)
  to   space 46592K, 0% used [0x00000000fd000000,0x00000000fd000000,0x00000000ffd80000)
 ParOldGen       total 236032K, used 220502K [0x0000000080000000, 0x000000008e680000, 0x00000000d5580000)
  object space 236032K, 93% used [0x0000000080000000,0x000000008d7559f8,0x000000008e680000)
 Metaspace       used 82687K, capacity 87546K, committed 87832K, reserved 1124352K
  class space    used 11315K, capacity 12254K, committed 12336K, reserved 1048576K
}
Event: 39.163 GC heap before
{Heap before GC invocations=42 (full 4):
 PSYoungGen      total 615424K, used 614981K [0x00000000d5580000, 0x00000000ffd80000, 0x0000000100000000)
  eden space 603136K, 100% used [0x00000000d5580000,0x00000000fa280000,0x00000000fa280000)
  from space 12288K, 96% used [0x00000000fa280000,0x00000000fae116a8,0x00000000fae80000)
  to   space 46592K, 0% used [0x00000000fd000000,0x00000000fd000000,0x00000000ffd80000)
 ParOldGen       total 236032K, used 220502K [0x0000000080000000, 0x000000008e680000, 0x00000000d5580000)
  object space 236032K, 93% used [0x0000000080000000,0x000000008d7559f8,0x000000008e680000)
 Metaspace       used 85446K, capacity 90828K, committed 91032K, reserved 1128448K
  class space    used 11649K, capacity 12661K, committed 12720K, reserved 1048576K
Event: 39.396 GC heap after
Heap after GC invocations=42 (full 4):
 PSYoungGen      total 615424K, used 614981K [0x00000000d5580000, 0x00000000ffd80000, 0x0000000100000000)
  eden space 603136K, 100% used [0x00000000d5580000,0x00000000fa280000,0x00000000fa280000)
  from space 12288K, 96% used [0x00000000fa280000,0x00000000fae116a8,0x00000000fae80000)
  to   space 46592K, 99% used [0x00000000fd000000,0x00000000ffd78c80,0x00000000ffd80000)
 ParOldGen       total 294912K, used 294713K [0x0000000080000000, 0x0000000092000000, 0x00000000d5580000)
  object space 294912K, 99% used [0x0000000080000000,0x0000000091fce728,0x0000000092000000)
 Metaspace       used 85446K, capacity 90828K, committed 91032K, reserved 1128448K
  class space    used 11649K, capacity 12661K, committed 12720K, reserved 1048576K
}
Event: 39.396 GC heap before
{Heap before GC invocations=43 (full 5):
 PSYoungGen      total 615424K, used 614981K [0x00000000d5580000, 0x00000000ffd80000, 0x0000000100000000)
  eden space 603136K, 100% used [0x00000000d5580000,0x00000000fa280000,0x00000000fa280000)
  from space 12288K, 96% used [0x00000000fa280000,0x00000000fae116a8,0x00000000fae80000)
  to   space 46592K, 99% used [0x00000000fd000000,0x00000000ffd78c80,0x00000000ffd80000)
 ParOldGen       total 294912K, used 294713K [0x0000000080000000, 0x0000000092000000, 0x00000000d5580000)
  object space 294912K, 99% used [0x0000000080000000,0x0000000091fce728,0x0000000092000000)
 Metaspace       used 85446K, capacity 90828K, committed 91032K, reserved 1128448K
  class space    used 11649K, capacity 12661K, committed 12720K, reserved 1048576K
Event: 39.955 GC heap after
Heap after GC invocations=43 (full 5):
 PSYoungGen      total 615424K, used 0K [0x00000000d5580000, 0x00000000ffd80000, 0x0000000100000000)
  eden space 603136K, 0% used [0x00000000d5580000,0x00000000d5580000,0x00000000fa280000)
  from space 12288K, 0% used [0x00000000fa280000,0x00000000fa280000,0x00000000fae80000)
  to   space 46592K, 0% used [0x00000000fd000000,0x00000000fd000000,0x00000000ffd80000)
 ParOldGen       total 294912K, used 190108K [0x0000000080000000, 0x0000000092000000, 0x00000000d5580000)
  object space 294912K, 64% used [0x0000000080000000,0x000000008b9a7220,0x0000000092000000)
 Metaspace       used 84695K, capacity 89192K, committed 91032K, reserved 1128448K
  class space    used 11378K, capacity 12179K, committed 12720K, reserved 1048576K
}
Event: 45.829 GC heap before
{Heap before GC invocations=44 (full 5):
 PSYoungGen      total 615424K, used 603136K [0x00000000d5580000, 0x00000000ffd80000, 0x0000000100000000)
  eden space 603136K, 100% used [0x00000000d5580000,0x00000000fa280000,0x00000000fa280000)
  from space 12288K, 0% used [0x00000000fa280000,0x00000000fa280000,0x00000000fae80000)
  to   space 46592K, 0% used [0x00000000fd000000,0x00000000fd000000,0x00000000ffd80000)
 ParOldGen       total 294912K, used 190108K [0x0000000080000000, 0x0000000092000000, 0x00000000d5580000)
  object space 294912K, 64% used [0x0000000080000000,0x000000008b9a7220,0x0000000092000000)
 Metaspace       used 98938K, capacity 103782K, committed 104984K, reserved 1140736K
  class space    used 12800K, capacity 13692K, committed 14128K, reserved 1048576K
Event: 45.850 GC heap after
Heap after GC invocations=44 (full 5):
 PSYoungGen      total 648192K, used 32029K [0x00000000d5580000, 0x0000000100000000, 0x0000000100000000)
  eden space 601600K, 0% used [0x00000000d5580000,0x00000000d5580000,0x00000000fa100000)
  from space 46592K, 68% used [0x00000000fd000000,0x00000000fef47490,0x00000000ffd80000)
  to   space 48128K, 0% used [0x00000000fa100000,0x00000000fa100000,0x00000000fd000000)
 ParOldGen       total 294912K, used 190124K [0x0000000080000000, 0x0000000092000000, 0x00000000d5580000)
  object space 294912K, 64% used [0x0000000080000000,0x000000008b9ab220,0x0000000092000000)
 Metaspace       used 98938K, capacity 103782K, committed 104984K, reserved 1140736K
  class space    used 12800K, capacity 13692K, committed 14128K, reserved 1048576K
}
Event: 120.261 GC heap before
{Heap before GC invocations=45 (full 5):
 PSYoungGen      total 648192K, used 633629K [0x00000000d5580000, 0x0000000100000000, 0x0000000100000000)
  eden space 601600K, 100% used [0x00000000d5580000,0x00000000fa100000,0x00000000fa100000)
  from space 46592K, 68% used [0x00000000fd000000,0x00000000fef47490,0x00000000ffd80000)
  to   space 48128K, 0% used [0x00000000fa100000,0x00000000fa100000,0x00000000fd000000)
 ParOldGen       total 294912K, used 190124K [0x0000000080000000, 0x0000000092000000, 0x00000000d5580000)
  object space 294912K, 64% used [0x0000000080000000,0x000000008b9ab220,0x0000000092000000)
 Metaspace       used 107884K, capacity 113424K, committed 114072K, reserved 1148928K
  class space    used 13784K, capacity 14783K, committed 15024K, reserved 1048576K
Event: 120.294 GC heap after
Heap after GC invocations=45 (full 5):
 PSYoungGen      total 649728K, used 48110K [0x00000000d5580000, 0x0000000100000000, 0x0000000100000000)
  eden space 601600K, 0% used [0x00000000d5580000,0x00000000d5580000,0x00000000fa100000)
  from space 48128K, 99% used [0x00000000fa100000,0x00000000fcffbb60,0x00000000fd000000)
  to   space 49152K, 0% used [0x00000000fd000000,0x00000000fd000000,0x0000000100000000)
 ParOldGen       total 294912K, used 191669K [0x0000000080000000, 0x0000000092000000, 0x00000000d5580000)
  object space 294912K, 64% used [0x0000000080000000,0x000000008bb2d7d8,0x0000000092000000)
 Metaspace       used 107884K, capacity 113424K, committed 114072K, reserved 1148928K
  class space    used 13784K, capacity 14783K, committed 15024K, reserved 1048576K
}

