# JRE version: OpenJDK Runtime Environment (8.0_242-b01) (build 1.8.0_242-release-1644-b01)
# Java VM: OpenJDK 64-Bit Server VM (25.242-b01 mixed mode windows-amd64 compressed oops)
Heap:
 PSYoungGen      total 497664K, used 387627K [0x00000000d5580000, 0x00000000ffb80000, 0x0000000100000000)
  eden space 481792K, 77% used [0x00000000d5580000,0x00000000ec08dde0,0x00000000f2c00000)
  from space 15872K, 99% used [0x00000000f2c00000,0x00000000f3b7d0e8,0x00000000f3b80000)
  to   space 105472K, 0% used [0x00000000f9480000,0x00000000f9480000,0x00000000ffb80000)
 ParOldGen       total 283136K, used 162156K [0x0000000080000000, 0x0000000091480000, 0x00000000d5580000)
  object space 283136K, 57% used [0x0000000080000000,0x0000000089e5b168,0x0000000091480000)
 Metaspace       used 131635K, capacity 140832K, committed 141272K, reserved 1173504K
  class space    used 16360K, capacity 17975K, committed 18176K, reserved 1048576K
GC Heap History (10 events):
Event: 15476.327 GC heap before
{Heap before GC invocations=64 (full 9):
 PSYoungGen      total 556544K, used 477823K [0x00000000d5580000, 0x00000000ff180000, 0x0000000100000000)
  eden space 449536K, 100% used [0x00000000d5580000,0x00000000f0c80000,0x00000000f0c80000)
  from space 107008K, 26% used [0x00000000f8900000,0x00000000fa49fff0,0x00000000ff180000)
  to   space 117248K, 0% used [0x00000000f0c80000,0x00000000f0c80000,0x00000000f7f00000)
 ParOldGen       total 283136K, used 67336K [0x0000000080000000, 0x0000000091480000, 0x00000000d5580000)
  object space 283136K, 23% used [0x0000000080000000,0x00000000841c2190,0x0000000091480000)
 Metaspace       used 129438K, capacity 137026K, committed 138456K, reserved 1169408K
  class space    used 16002K, capacity 17361K, committed 17664K, reserved 1048576K
Event: 15476.346 GC heap after
Heap after GC invocations=64 (full 9):
 PSYoungGen      total 566784K, used 10503K [0x00000000d5580000, 0x0000000100000000, 0x0000000100000000)
  eden space 449536K, 0% used [0x00000000d5580000,0x00000000d5580000,0x00000000f0c80000)
  from space 117248K, 8% used [0x00000000f0c80000,0x00000000f16c1f80,0x00000000f7f00000)
  to   space 115200K, 0% used [0x00000000f8f80000,0x00000000f8f80000,0x0000000100000000)
 ParOldGen       total 283136K, used 81714K [0x0000000080000000, 0x0000000091480000, 0x00000000d5580000)
  object space 283136K, 28% used [0x0000000080000000,0x0000000084fcc928,0x0000000091480000)
 Metaspace       used 129438K, capacity 137026K, committed 138456K, reserved 1169408K
  class space    used 16002K, capacity 17361K, committed 17664K, reserved 1048576K
}
Event: 15478.257 GC heap before
{Heap before GC invocations=65 (full 9):
 PSYoungGen      total 566784K, used 460039K [0x00000000d5580000, 0x0000000100000000, 0x0000000100000000)
  eden space 449536K, 100% used [0x00000000d5580000,0x00000000f0c80000,0x00000000f0c80000)
  from space 117248K, 8% used [0x00000000f0c80000,0x00000000f16c1f80,0x00000000f7f00000)
  to   space 115200K, 0% used [0x00000000f8f80000,0x00000000f8f80000,0x0000000100000000)
 ParOldGen       total 283136K, used 81946K [0x0000000080000000, 0x0000000091480000, 0x00000000d5580000)
  object space 283136K, 28% used [0x0000000080000000,0x0000000085006970,0x0000000091480000)
 Metaspace       used 130186K, capacity 137788K, committed 139096K, reserved 1171456K
  class space    used 16090K, capacity 17456K, committed 17792K, reserved 1048576K
Event: 15478.286 GC heap after
Heap after GC invocations=65 (full 9):
 PSYoungGen      total 567296K, used 33577K [0x00000000d5580000, 0x00000000ff200000, 0x0000000100000000)
  eden space 466432K, 0% used [0x00000000d5580000,0x00000000d5580000,0x00000000f1d00000)
  from space 100864K, 33% used [0x00000000f8f80000,0x00000000fb04a6d0,0x00000000ff200000)
  to   space 109056K, 0% used [0x00000000f1d00000,0x00000000f1d00000,0x00000000f8780000)
 ParOldGen       total 283136K, used 88357K [0x0000000080000000, 0x0000000091480000, 0x00000000d5580000)
  object space 283136K, 31% used [0x0000000080000000,0x0000000085649488,0x0000000091480000)
 Metaspace       used 130186K, capacity 137788K, committed 139096K, reserved 1171456K
  class space    used 16090K, capacity 17456K, committed 17792K, reserved 1048576K
}
Event: 15536.857 GC heap before
{Heap before GC invocations=66 (full 9):
 PSYoungGen      total 567296K, used 500009K [0x00000000d5580000, 0x00000000ff200000, 0x0000000100000000)
  eden space 466432K, 100% used [0x00000000d5580000,0x00000000f1d00000,0x00000000f1d00000)
  from space 100864K, 33% used [0x00000000f8f80000,0x00000000fb04a6d0,0x00000000ff200000)
  to   space 109056K, 0% used [0x00000000f1d00000,0x00000000f1d00000,0x00000000f8780000)
 ParOldGen       total 283136K, used 88361K [0x0000000080000000, 0x0000000091480000, 0x00000000d5580000)
  object space 283136K, 31% used [0x0000000080000000,0x000000008564a430,0x0000000091480000)
 Metaspace       used 131399K, capacity 140536K, committed 141016K, reserved 1171456K
  class space    used 16330K, capacity 17943K, committed 18176K, reserved 1048576K
Event: 15536.878 GC heap after
Heap after GC invocations=66 (full 9):
 PSYoungGen      total 575488K, used 9089K [0x00000000d5580000, 0x0000000100000000, 0x0000000100000000)
  eden space 466432K, 0% used [0x00000000d5580000,0x00000000d5580000,0x00000000f1d00000)
  from space 109056K, 8% used [0x00000000f1d00000,0x00000000f25e0420,0x00000000f8780000)
  to   space 107008K, 0% used [0x00000000f9780000,0x00000000f9780000,0x0000000100000000)
 ParOldGen       total 283136K, used 103586K [0x0000000080000000, 0x0000000091480000, 0x00000000d5580000)
  object space 283136K, 36% used [0x0000000080000000,0x0000000086528870,0x0000000091480000)
 Metaspace       used 131399K, capacity 140536K, committed 141016K, reserved 1171456K
  class space    used 16330K, capacity 17943K, committed 18176K, reserved 1048576K
}
Event: 15538.048 GC heap before
{Heap before GC invocations=67 (full 9):
 PSYoungGen      total 575488K, used 475521K [0x00000000d5580000, 0x0000000100000000, 0x0000000100000000)
  eden space 466432K, 100% used [0x00000000d5580000,0x00000000f1d00000,0x00000000f1d00000)
  from space 109056K, 8% used [0x00000000f1d00000,0x00000000f25e0420,0x00000000f8780000)
  to   space 107008K, 0% used [0x00000000f9780000,0x00000000f9780000,0x0000000100000000)
 ParOldGen       total 283136K, used 103586K [0x0000000080000000, 0x0000000091480000, 0x00000000d5580000)
  object space 283136K, 36% used [0x0000000080000000,0x0000000086528870,0x0000000091480000)
 Metaspace       used 131603K, capacity 140762K, committed 141016K, reserved 1171456K
  class space    used 16360K, capacity 17974K, committed 18176K, reserved 1048576K
Event: 15538.096 GC heap after
Heap after GC invocations=67 (full 9):
 PSYoungGen      total 588800K, used 58920K [0x00000000d5580000, 0x0000000100000000, 0x0000000100000000)
  eden space 481792K, 0% used [0x00000000d5580000,0x00000000d5580000,0x00000000f2c00000)
  from space 107008K, 55% used [0x00000000f9780000,0x00000000fd10a148,0x0000000100000000)
  to   space 108544K, 0% used [0x00000000f2c00000,0x00000000f2c00000,0x00000000f9600000)
 ParOldGen       total 283136K, used 110591K [0x0000000080000000, 0x0000000091480000, 0x00000000d5580000)
  object space 283136K, 39% used [0x0000000080000000,0x0000000086bffd40,0x0000000091480000)
 Metaspace       used 131603K, capacity 140762K, committed 141016K, reserved 1171456K
  class space    used 16360K, capacity 17974K, committed 18176K, reserved 1048576K
}
Event: 15538.567 GC heap before
{Heap before GC invocations=68 (full 9):
 PSYoungGen      total 588800K, used 540712K [0x00000000d5580000, 0x0000000100000000, 0x0000000100000000)
  eden space 481792K, 100% used [0x00000000d5580000,0x00000000f2c00000,0x00000000f2c00000)
  from space 107008K, 55% used [0x00000000f9780000,0x00000000fd10a148,0x0000000100000000)
  to   space 108544K, 0% used [0x00000000f2c00000,0x00000000f2c00000,0x00000000f9600000)
 ParOldGen       total 283136K, used 110591K [0x0000000080000000, 0x0000000091480000, 0x00000000d5580000)
  object space 283136K, 39% used [0x0000000080000000,0x0000000086bffd40,0x0000000091480000)
 Metaspace       used 131632K, capacity 140832K, committed 141272K, reserved 1173504K
  class space    used 16360K, capacity 17975K, committed 18176K, reserved 1048576K
Event: 15538.613 GC heap after
Heap after GC invocations=68 (full 9):
 PSYoungGen      total 497664K, used 15860K [0x00000000d5580000, 0x00000000ffb80000, 0x0000000100000000)
  eden space 481792K, 0% used [0x00000000d5580000,0x00000000d5580000,0x00000000f2c00000)
  from space 15872K, 99% used [0x00000000f2c00000,0x00000000f3b7d0e8,0x00000000f3b80000)
  to   space 105472K, 0% used [0x00000000f9480000,0x00000000f9480000,0x00000000ffb80000)
 ParOldGen       total 283136K, used 162156K [0x0000000080000000, 0x0000000091480000, 0x00000000d5580000)
  object space 283136K, 57% used [0x0000000080000000,0x0000000089e5b168,0x0000000091480000)
 Metaspace       used 131632K, capacity 140832K, committed 141272K, reserved 1173504K
  class space    used 16360K, capacity 17975K, committed 18176K, reserved 1048576K
}

