# JRE version: OpenJDK Runtime Environment (8.0_242-b01) (build 1.8.0_242-release-1644-b01)
# Java VM: OpenJDK 64-Bit Server VM (25.242-b01 mixed mode windows-amd64 compressed oops)
Heap:
 PSYoungGen      total 412160K, used 142218K [0x00000000d5580000, 0x00000000f5200000, 0x0000000100000000)
  eden space 364544K, 33% used [0x00000000d5580000,0x00000000dcbf2e18,0x00000000eb980000)
  from space 47616K, 43% used [0x00000000eb980000,0x00000000ecdefaa8,0x00000000ee800000)
  to   space 45568K, 0% used [0x00000000f2580000,0x00000000f2580000,0x00000000f5200000)
 ParOldGen       total 222208K, used 87949K [0x0000000080000000, 0x000000008d900000, 0x00000000d5580000)
  object space 222208K, 39% used [0x0000000080000000,0x00000000855e36d0,0x000000008d900000)
 Metaspace       used 98728K, capacity 103828K, committed 103960K, reserved 1140736K
  class space    used 13038K, capacity 14063K, committed 14128K, reserved 1048576K
GC Heap History (10 events):
Event: 14.739 GC heap before
{Heap before GC invocations=15 (full 3):
 PSYoungGen      total 285696K, used 281908K [0x00000000d5580000, 0x00000000ec480000, 0x0000000100000000)
  eden space 262144K, 100% used [0x00000000d5580000,0x00000000e5580000,0x00000000e5580000)
  from space 23552K, 83% used [0x00000000e5580000,0x00000000e68cd1a0,0x00000000e6c80000)
  to   space 25600K, 0% used [0x00000000eab80000,0x00000000eab80000,0x00000000ec480000)
 ParOldGen       total 131072K, used 40472K [0x0000000080000000, 0x0000000088000000, 0x00000000d5580000)
  object space 131072K, 30% used [0x0000000080000000,0x00000000827863f8,0x0000000088000000)
 Metaspace       used 80740K, capacity 84558K, committed 84888K, reserved 1122304K
  class space    used 10875K, capacity 11632K, committed 11696K, reserved 1048576K
Event: 14.762 GC heap after
Heap after GC invocations=15 (full 3):
 PSYoungGen      total 342016K, used 25593K [0x00000000d5580000, 0x00000000ecf80000, 0x0000000100000000)
  eden space 316416K, 0% used [0x00000000d5580000,0x00000000d5580000,0x00000000e8a80000)
  from space 25600K, 99% used [0x00000000eab80000,0x00000000ec47e590,0x00000000ec480000)
  to   space 33792K, 0% used [0x00000000e8a80000,0x00000000e8a80000,0x00000000eab80000)
 ParOldGen       total 131072K, used 51894K [0x0000000080000000, 0x0000000088000000, 0x00000000d5580000)
  object space 131072K, 39% used [0x0000000080000000,0x00000000832adb30,0x0000000088000000)
 Metaspace       used 80740K, capacity 84558K, committed 84888K, reserved 1122304K
  class space    used 10875K, capacity 11632K, committed 11696K, reserved 1048576K
}
Event: 26.074 GC heap before
{Heap before GC invocations=16 (full 3):
 PSYoungGen      total 342016K, used 342009K [0x00000000d5580000, 0x00000000ecf80000, 0x0000000100000000)
  eden space 316416K, 100% used [0x00000000d5580000,0x00000000e8a80000,0x00000000e8a80000)
  from space 25600K, 99% used [0x00000000eab80000,0x00000000ec47e590,0x00000000ec480000)
  to   space 33792K, 0% used [0x00000000e8a80000,0x00000000e8a80000,0x00000000eab80000)
 ParOldGen       total 131072K, used 51894K [0x0000000080000000, 0x0000000088000000, 0x00000000d5580000)
  object space 131072K, 39% used [0x0000000080000000,0x00000000832adb30,0x0000000088000000)
 Metaspace       used 89162K, capacity 94060K, committed 94360K, reserved 1130496K
  class space    used 11971K, capacity 12923K, committed 12976K, reserved 1048576K
Event: 26.105 GC heap after
Heap after GC invocations=16 (full 3):
 PSYoungGen      total 350208K, used 27213K [0x00000000d5580000, 0x00000000f0b80000, 0x0000000100000000)
  eden space 316416K, 0% used [0x00000000d5580000,0x00000000d5580000,0x00000000e8a80000)
  from space 33792K, 80% used [0x00000000e8a80000,0x00000000ea513500,0x00000000eab80000)
  to   space 36352K, 0% used [0x00000000ee800000,0x00000000ee800000,0x00000000f0b80000)
 ParOldGen       total 131072K, used 74668K [0x0000000080000000, 0x0000000088000000, 0x00000000d5580000)
  object space 131072K, 56% used [0x0000000080000000,0x00000000848eb370,0x0000000088000000)
 Metaspace       used 89162K, capacity 94060K, committed 94360K, reserved 1130496K
  class space    used 11971K, capacity 12923K, committed 12976K, reserved 1048576K
}
Event: 29.290 GC heap before
{Heap before GC invocations=17 (full 3):
 PSYoungGen      total 350208K, used 219691K [0x00000000d5580000, 0x00000000f0b80000, 0x0000000100000000)
  eden space 316416K, 60% used [0x00000000d5580000,0x00000000e1177a58,0x00000000e8a80000)
  from space 33792K, 80% used [0x00000000e8a80000,0x00000000ea513500,0x00000000eab80000)
  to   space 36352K, 0% used [0x00000000ee800000,0x00000000ee800000,0x00000000f0b80000)
 ParOldGen       total 131072K, used 74668K [0x0000000080000000, 0x0000000088000000, 0x00000000d5580000)
  object space 131072K, 56% used [0x0000000080000000,0x00000000848eb370,0x0000000088000000)
 Metaspace       used 93442K, capacity 98472K, committed 98600K, reserved 1134592K
  class space    used 12416K, capacity 13409K, committed 13488K, reserved 1048576K
Event: 29.324 GC heap after
Heap after GC invocations=17 (full 3):
 PSYoungGen      total 400896K, used 36337K [0x00000000d5580000, 0x00000000f2100000, 0x0000000100000000)
  eden space 364544K, 0% used [0x00000000d5580000,0x00000000d5580000,0x00000000eb980000)
  from space 36352K, 99% used [0x00000000ee800000,0x00000000f0b7c598,0x00000000f0b80000)
  to   space 47616K, 0% used [0x00000000eb980000,0x00000000eb980000,0x00000000ee800000)
 ParOldGen       total 131072K, used 88452K [0x0000000080000000, 0x0000000088000000, 0x00000000d5580000)
  object space 131072K, 67% used [0x0000000080000000,0x0000000085661308,0x0000000088000000)
 Metaspace       used 93442K, capacity 98472K, committed 98600K, reserved 1134592K
  class space    used 12416K, capacity 13409K, committed 13488K, reserved 1048576K
}
Event: 29.324 GC heap before
{Heap before GC invocations=18 (full 4):
 PSYoungGen      total 400896K, used 36337K [0x00000000d5580000, 0x00000000f2100000, 0x0000000100000000)
  eden space 364544K, 0% used [0x00000000d5580000,0x00000000d5580000,0x00000000eb980000)
  from space 36352K, 99% used [0x00000000ee800000,0x00000000f0b7c598,0x00000000f0b80000)
  to   space 47616K, 0% used [0x00000000eb980000,0x00000000eb980000,0x00000000ee800000)
 ParOldGen       total 131072K, used 88452K [0x0000000080000000, 0x0000000088000000, 0x00000000d5580000)
  object space 131072K, 67% used [0x0000000080000000,0x0000000085661308,0x0000000088000000)
 Metaspace       used 93442K, capacity 98472K, committed 98600K, reserved 1134592K
  class space    used 12416K, capacity 13409K, committed 13488K, reserved 1048576K
Event: 29.546 GC heap after
Heap after GC invocations=18 (full 4):
 PSYoungGen      total 400896K, used 0K [0x00000000d5580000, 0x00000000f2100000, 0x0000000100000000)
  eden space 364544K, 0% used [0x00000000d5580000,0x00000000d5580000,0x00000000eb980000)
  from space 36352K, 0% used [0x00000000ee800000,0x00000000ee800000,0x00000000f0b80000)
  to   space 47616K, 0% used [0x00000000eb980000,0x00000000eb980000,0x00000000ee800000)
 ParOldGen       total 222208K, used 87941K [0x0000000080000000, 0x000000008d900000, 0x00000000d5580000)
  object space 222208K, 39% used [0x0000000080000000,0x00000000855e16d0,0x000000008d900000)
 Metaspace       used 93211K, capacity 97794K, committed 98600K, reserved 1134592K
  class space    used 12343K, capacity 13280K, committed 13488K, reserved 1048576K
}
Event: 36.389 GC heap before
{Heap before GC invocations=19 (full 4):
 PSYoungGen      total 400896K, used 364544K [0x00000000d5580000, 0x00000000f2100000, 0x0000000100000000)
  eden space 364544K, 100% used [0x00000000d5580000,0x00000000eb980000,0x00000000eb980000)
  from space 36352K, 0% used [0x00000000ee800000,0x00000000ee800000,0x00000000f0b80000)
  to   space 47616K, 0% used [0x00000000eb980000,0x00000000eb980000,0x00000000ee800000)
 ParOldGen       total 222208K, used 87941K [0x0000000080000000, 0x000000008d900000, 0x00000000d5580000)
  object space 222208K, 39% used [0x0000000080000000,0x00000000855e16d0,0x000000008d900000)
 Metaspace       used 96356K, capacity 101308K, committed 101656K, reserved 1136640K
  class space    used 12743K, capacity 13755K, committed 13872K, reserved 1048576K
Event: 36.407 GC heap after
Heap after GC invocations=19 (full 4):
 PSYoungGen      total 412160K, used 20926K [0x00000000d5580000, 0x00000000f5200000, 0x0000000100000000)
  eden space 364544K, 0% used [0x00000000d5580000,0x00000000d5580000,0x00000000eb980000)
  from space 47616K, 43% used [0x00000000eb980000,0x00000000ecdefaa8,0x00000000ee800000)
  to   space 45568K, 0% used [0x00000000f2580000,0x00000000f2580000,0x00000000f5200000)
 ParOldGen       total 222208K, used 87949K [0x0000000080000000, 0x000000008d900000, 0x00000000d5580000)
  object space 222208K, 39% used [0x0000000080000000,0x00000000855e36d0,0x000000008d900000)
 Metaspace       used 96356K, capacity 101308K, committed 101656K, reserved 1136640K
  class space    used 12743K, capacity 13755K, committed 13872K, reserved 1048576K
}

